Removed Pin From Net: NetName=GND Pin=D1-2
Change Component Footprint: Designator=D1 Old Footprint=ESD7181MU New Footprint=SOD323
Change Component Comment : Designator=D1 Old Comment=ESD7181MUT5G New Comment=DDZ9713S-7
Change component parameters: Designator = "U1"; Footprint = "AD9833BRMZ"; UniqueID = "\ERXLFXOJ"
Change component parameters. Clean all parameters for all variants
Change component parameters (AddParameter): Name = "Digikey Part Number"; Value = "?AD9833BRMZ-ND?"; VariantName = "[No Variations]"
Change component parameters (AddParameter): Name = "MF"; Value = "Analog Devices"; VariantName = "[No Variations]"
Change component parameters (AddParameter): Name = "MP"; Value = "AD9833BRMZ"; VariantName = "[No Variations]"
Change component parameters (AddParameter): Name = "Package"; Value = "MSOP-10 Analog Devices"; VariantName = "[No Variations]"
Change component parameters (AddParameter): Name = "Price"; Value = "10.14"; VariantName = "[No Variations]"
Change component parameters: Designator = "D1"; Footprint = "SOD323"; UniqueID = "\UENDCYTW"
Change component parameters. Clean all parameters for all variants
Change component parameters (AddParameter): Name = "Digikey Part Number"; Value = "DDZ9713S-7DICT-ND"; VariantName = "[No Variations]"
Change component parameters (AddParameter): Name = "Forward Voltage"; Value = ""; VariantName = "[No Variations]"
Change component parameters (AddParameter): Name = "Manufacturer"; Value = "Diodes Incorporated"; VariantName = "[No Variations]"
Change component parameters (AddParameter): Name = "Manufacturer Part Number"; Value = "DDZ9713S-7"; VariantName = "[No Variations]"
Change component parameters (AddParameter): Name = "Package"; Value = "0201 (0603 Metric)"; VariantName = "[No Variations]"
Change component parameters (AddParameter): Name = "Supplier"; Value = "Digikey"; VariantName = "[No Variations]"
Change component parameters (AddParameter): Name = "Unit Price"; Value = "$0.49"; VariantName = "[No Variations]"
Change component parameters (AddParameter): Name = "V Zener"; Value = "30V"; VariantName = "[No Variations]"
Added Component: Designator=D2(SOD323)
Add component. Clean all parameters for all variants
Add component (AddParameter): Name = "Digikey Part Number"; Value = "DDZ9713S-7DICT-ND"; VariantName = "[No Variations]"
Add component (AddParameter): Name = "Forward Voltage"; Value = ""; VariantName = "[No Variations]"
Add component (AddParameter): Name = "Manufacturer"; Value = "Diodes Incorporated"; VariantName = "[No Variations]"
Add component (AddParameter): Name = "Manufacturer Part Number"; Value = "DDZ9713S-7"; VariantName = "[No Variations]"
Add component (AddParameter): Name = "Package"; Value = "0201 (0603 Metric)"; VariantName = "[No Variations]"
Add component (AddParameter): Name = "Supplier"; Value = "Digikey"; VariantName = "[No Variations]"
Add component (AddParameter): Name = "Unit Price"; Value = "$0.49"; VariantName = "[No Variations]"
Add component (AddParameter): Name = "V Zener"; Value = "30V"; VariantName = "[No Variations]"
Added Pin To Net: NetName=GND Pin=D2-1
Added Pin To Net: NetName=NetD1_2 Pin=D1-2
Added Pin To Net: NetName=NetD1_2 Pin=D2-2
Added Net: Name=NetD1_2
Added Member To Class: ClassName=Self_Sensing_Board_V1 Member=Component D2 DDZ9713S-7
Added Room: Name=Self_Sensing_Board_V1
