Replace Part C1 CL03A104KA3NNNC in E:\Google Drive\education-academics\CU Boulder\Research\NSF CPS Research\Capacitance Sensing and Control of HASEL\Miniature PCB_V2\Self_Sensing_Board_V1\Self_Sensing_Board_V1.SchDoc with CL03A104KA3NNNC from Self_Sensing_Library.IntLib
Replace Part C2 CL03B103KP3NNNC in E:\Google Drive\education-academics\CU Boulder\Research\NSF CPS Research\Capacitance Sensing and Control of HASEL\Miniature PCB_V2\Self_Sensing_Board_V1\Self_Sensing_Board_V1.SchDoc with CL03B103KP3NNNC from Self_Sensing_Library.IntLib
Replace Part C4 CL03A104KA3NNNC in E:\Google Drive\education-academics\CU Boulder\Research\NSF CPS Research\Capacitance Sensing and Control of HASEL\Miniature PCB_V2\Self_Sensing_Board_V1\Self_Sensing_Board_V1.SchDoc with CL03A104KA3NNNC from Self_Sensing_Library.IntLib
Replace Part C5 GRM1555C1H330FA01D in E:\Google Drive\education-academics\CU Boulder\Research\NSF CPS Research\Capacitance Sensing and Control of HASEL\Miniature PCB_V2\Self_Sensing_Board_V1\Self_Sensing_Board_V1.SchDoc with GRM1555C1H330FA01D from Self_Sensing_Library.IntLib
Replace Part C6 CL03A104KA3NNNC in E:\Google Drive\education-academics\CU Boulder\Research\NSF CPS Research\Capacitance Sensing and Control of HASEL\Miniature PCB_V2\Self_Sensing_Board_V1\Self_Sensing_Board_V1.SchDoc with CL03A104KA3NNNC from Self_Sensing_Library.IntLib
Replace Part C7 CL03A104KA3NNNC in E:\Google Drive\education-academics\CU Boulder\Research\NSF CPS Research\Capacitance Sensing and Control of HASEL\Miniature PCB_V2\Self_Sensing_Board_V1\Self_Sensing_Board_V1.SchDoc with CL03A104KA3NNNC from Self_Sensing_Library.IntLib
Replace Part C8 CL03A104KA3NNNC in E:\Google Drive\education-academics\CU Boulder\Research\NSF CPS Research\Capacitance Sensing and Control of HASEL\Miniature PCB_V2\Self_Sensing_Board_V1\Self_Sensing_Board_V1.SchDoc with CL03A104KA3NNNC from Self_Sensing_Library.IntLib
Replace Part C9 CL03A104KA3NNNC in E:\Google Drive\education-academics\CU Boulder\Research\NSF CPS Research\Capacitance Sensing and Control of HASEL\Miniature PCB_V2\Self_Sensing_Board_V1\Self_Sensing_Board_V1.SchDoc with CL03A104KA3NNNC from Self_Sensing_Library.IntLib
Replace Part C11 CL03B103KP3NNNC in E:\Google Drive\education-academics\CU Boulder\Research\NSF CPS Research\Capacitance Sensing and Control of HASEL\Miniature PCB_V2\Self_Sensing_Board_V1\Self_Sensing_Board_V1.SchDoc with CL03B103KP3NNNC from Self_Sensing_Library.IntLib
Replace Part C14 CL03B103KP3NNNC in E:\Google Drive\education-academics\CU Boulder\Research\NSF CPS Research\Capacitance Sensing and Control of HASEL\Miniature PCB_V2\Self_Sensing_Board_V1\Self_Sensing_Board_V1.SchDoc with CL03B103KP3NNNC from Self_Sensing_Library.IntLib
Replace Part R2 SM-42TW204 in E:\Google Drive\education-academics\CU Boulder\Research\NSF CPS Research\Capacitance Sensing and Control of HASEL\Miniature PCB_V2\Self_Sensing_Board_V1\Self_Sensing_Board_V1.SchDoc with SM-42TW204 from Self_Sensing_Library.IntLib
Replace Part R3 SM-42TW204 in E:\Google Drive\education-academics\CU Boulder\Research\NSF CPS Research\Capacitance Sensing and Control of HASEL\Miniature PCB_V2\Self_Sensing_Board_V1\Self_Sensing_Board_V1.SchDoc with SM-42TW204 from Self_Sensing_Library.IntLib
Replace Part R5 RC0603F202CS in E:\Google Drive\education-academics\CU Boulder\Research\NSF CPS Research\Capacitance Sensing and Control of HASEL\Miniature PCB_V2\Self_Sensing_Board_V1\Self_Sensing_Board_V1.SchDoc with RC0603F202CS from Self_Sensing_Library.IntLib
Replace Part R6 RC0603F202CS in E:\Google Drive\education-academics\CU Boulder\Research\NSF CPS Research\Capacitance Sensing and Control of HASEL\Miniature PCB_V2\Self_Sensing_Board_V1\Self_Sensing_Board_V1.SchDoc with RC0603F202CS from Self_Sensing_Library.IntLib
Replace Part R7 RC0603F202CS in E:\Google Drive\education-academics\CU Boulder\Research\NSF CPS Research\Capacitance Sensing and Control of HASEL\Miniature PCB_V2\Self_Sensing_Board_V1\Self_Sensing_Board_V1.SchDoc with RC0603F202CS from Self_Sensing_Library.IntLib
Replace Part R8 RC0603F202CS in E:\Google Drive\education-academics\CU Boulder\Research\NSF CPS Research\Capacitance Sensing and Control of HASEL\Miniature PCB_V2\Self_Sensing_Board_V1\Self_Sensing_Board_V1.SchDoc with RC0603F202CS from Self_Sensing_Library.IntLib
Replace Part R9 RC0201FR-07200RL in E:\Google Drive\education-academics\CU Boulder\Research\NSF CPS Research\Capacitance Sensing and Control of HASEL\Miniature PCB_V2\Self_Sensing_Board_V1\Self_Sensing_Board_V1.SchDoc with RC0201FR-07200RL from Self_Sensing_Library.IntLib
Replace Part R11 CRCW04021M00DHEDP in E:\Google Drive\education-academics\CU Boulder\Research\NSF CPS Research\Capacitance Sensing and Control of HASEL\Miniature PCB_V2\Self_Sensing_Board_V1\Self_Sensing_Board_V1.SchDoc with CRCW04021M00DHEDP from Self_Sensing_Library.IntLib
Replace Part R12 SM-42TW503 in E:\Google Drive\education-academics\CU Boulder\Research\NSF CPS Research\Capacitance Sensing and Control of HASEL\Miniature PCB_V2\Self_Sensing_Board_V1\Self_Sensing_Board_V1.SchDoc with SM-42TW503 from Self_Sensing_Library.IntLib
Replace Part R13 CRCW04021M00DHEDP in E:\Google Drive\education-academics\CU Boulder\Research\NSF CPS Research\Capacitance Sensing and Control of HASEL\Miniature PCB_V2\Self_Sensing_Board_V1\Self_Sensing_Board_V1.SchDoc with CRCW04021M00DHEDP from Self_Sensing_Library.IntLib
Replace Part R14 RC0201FR-071KL in E:\Google Drive\education-academics\CU Boulder\Research\NSF CPS Research\Capacitance Sensing and Control of HASEL\Miniature PCB_V2\Self_Sensing_Board_V1\Self_Sensing_Board_V1.SchDoc with RC0201FR-071KL from Self_Sensing_Library.IntLib
Replace Part R15 RC0201FR-071KL in E:\Google Drive\education-academics\CU Boulder\Research\NSF CPS Research\Capacitance Sensing and Control of HASEL\Miniature PCB_V2\Self_Sensing_Board_V1\Self_Sensing_Board_V1.SchDoc with RC0201FR-071KL from Self_Sensing_Library.IntLib
Replace Part U2 LT1037CS8#PBF in E:\Google Drive\education-academics\CU Boulder\Research\NSF CPS Research\Capacitance Sensing and Control of HASEL\Miniature PCB_V2\Self_Sensing_Board_V1\Self_Sensing_Board_V1.SchDoc with LT1037CS8#PBF from Self_Sensing_Library.IntLib
Replace Part U3 LT1037CS8#PBF in E:\Google Drive\education-academics\CU Boulder\Research\NSF CPS Research\Capacitance Sensing and Control of HASEL\Miniature PCB_V2\Self_Sensing_Board_V1\Self_Sensing_Board_V1.SchDoc with LT1037CS8#PBF from Self_Sensing_Library.IntLib
Replace Part U5 INA129UA/2K5 in E:\Google Drive\education-academics\CU Boulder\Research\NSF CPS Research\Capacitance Sensing and Control of HASEL\Miniature PCB_V2\Self_Sensing_Board_V1\Self_Sensing_Board_V1.SchDoc with INA129UA/2K5 from Self_Sensing_Library.IntLib
Replace Part U6 ISL60002BIH311Z-TK in E:\Google Drive\education-academics\CU Boulder\Research\NSF CPS Research\Capacitance Sensing and Control of HASEL\Miniature PCB_V2\Self_Sensing_Board_V1\Self_Sensing_Board_V1.SchDoc with ISL60002BIH311Z-TK from Self_Sensing_Library.IntLib
