Added Component: Designator=C10(CL03A104KA3NNNC)
Add component. Clean all parameters for all variants
Add component (AddParameter): Name = "Digikey Part Number"; Value = "1276-1318-6-ND"; VariantName = "[No Variations]"
Add component (AddParameter): Name = "Manufacturer"; Value = "Samsung"; VariantName = "[No Variations]"
Add component (AddParameter): Name = "Manufacturer Part Number"; Value = "CL03A104KA3NNNC"; VariantName = "[No Variations]"
Add component (AddParameter): Name = "Package"; Value = "0201 (0603 Metric)"; VariantName = "[No Variations]"
Add component (AddParameter): Name = "Supplier"; Value = "Digikey"; VariantName = "[No Variations]"
Add component (AddParameter): Name = "Temperature Coefficient"; Value = "X5R"; VariantName = "[No Variations]"
Add component (AddParameter): Name = "Unit Price"; Value = "$0.75"; VariantName = "[No Variations]"
Add component (AddParameter): Name = "Value"; Value = "0.1uF"; VariantName = "[No Variations]"
Add component (AddParameter): Name = "Voltage Rated"; Value = "25V"; VariantName = "[No Variations]"
Added Component: Designator=C12(CL03A104KA3NNNC)
Add component. Clean all parameters for all variants
Add component (AddParameter): Name = "Digikey Part Number"; Value = "1276-1318-6-ND"; VariantName = "[No Variations]"
Add component (AddParameter): Name = "Manufacturer"; Value = "Samsung"; VariantName = "[No Variations]"
Add component (AddParameter): Name = "Manufacturer Part Number"; Value = "CL03A104KA3NNNC"; VariantName = "[No Variations]"
Add component (AddParameter): Name = "Package"; Value = "0201 (0603 Metric)"; VariantName = "[No Variations]"
Add component (AddParameter): Name = "Supplier"; Value = "Digikey"; VariantName = "[No Variations]"
Add component (AddParameter): Name = "Temperature Coefficient"; Value = "X5R"; VariantName = "[No Variations]"
Add component (AddParameter): Name = "Unit Price"; Value = "$0.75"; VariantName = "[No Variations]"
Add component (AddParameter): Name = "Value"; Value = "0.1uF"; VariantName = "[No Variations]"
Add component (AddParameter): Name = "Voltage Rated"; Value = "25V"; VariantName = "[No Variations]"
Added Component: Designator=C13(CL03A104KA3NNNC)
Add component. Clean all parameters for all variants
Add component (AddParameter): Name = "Digikey Part Number"; Value = "1276-1318-6-ND"; VariantName = "[No Variations]"
Add component (AddParameter): Name = "Manufacturer"; Value = "Samsung"; VariantName = "[No Variations]"
Add component (AddParameter): Name = "Manufacturer Part Number"; Value = "CL03A104KA3NNNC"; VariantName = "[No Variations]"
Add component (AddParameter): Name = "Package"; Value = "0201 (0603 Metric)"; VariantName = "[No Variations]"
Add component (AddParameter): Name = "Supplier"; Value = "Digikey"; VariantName = "[No Variations]"
Add component (AddParameter): Name = "Temperature Coefficient"; Value = "X5R"; VariantName = "[No Variations]"
Add component (AddParameter): Name = "Unit Price"; Value = "$0.75"; VariantName = "[No Variations]"
Add component (AddParameter): Name = "Value"; Value = "0.1uF"; VariantName = "[No Variations]"
Add component (AddParameter): Name = "Voltage Rated"; Value = "25V"; VariantName = "[No Variations]"
Added Component: Designator=C15(CL03A104KA3NNNC)
Add component. Clean all parameters for all variants
Add component (AddParameter): Name = "Digikey Part Number"; Value = "1276-1318-6-ND"; VariantName = "[No Variations]"
Add component (AddParameter): Name = "Manufacturer"; Value = "Samsung"; VariantName = "[No Variations]"
Add component (AddParameter): Name = "Manufacturer Part Number"; Value = "CL03A104KA3NNNC"; VariantName = "[No Variations]"
Add component (AddParameter): Name = "Package"; Value = "0201 (0603 Metric)"; VariantName = "[No Variations]"
Add component (AddParameter): Name = "Supplier"; Value = "Digikey"; VariantName = "[No Variations]"
Add component (AddParameter): Name = "Temperature Coefficient"; Value = "X5R"; VariantName = "[No Variations]"
Add component (AddParameter): Name = "Unit Price"; Value = "$0.75"; VariantName = "[No Variations]"
Add component (AddParameter): Name = "Value"; Value = "0.1uF"; VariantName = "[No Variations]"
Add component (AddParameter): Name = "Voltage Rated"; Value = "25V"; VariantName = "[No Variations]"
Added Pin To Net: NetName=12V Pin=C10-1
Added Pin To Net: NetName=GND Pin=C10-2
Added Pin To Net: NetName=12V Pin=C12-1
Added Pin To Net: NetName=GND Pin=C12-2
Added Pin To Net: NetName=-12V Pin=C13-1
Added Pin To Net: NetName=-12V Pin=C15-1
Added Pin To Net: NetName=GND Pin=C15-2
Added Member To Class: ClassName=Self_Sensing_Board_V1 Member=Component C10 CL03A104KA3NNNC
Added Member To Class: ClassName=Self_Sensing_Board_V1 Member=Component C12 CL03A104KA3NNNC
Added Member To Class: ClassName=Self_Sensing_Board_V1 Member=Component C13 CL03A104KA3NNNC
Added Member To Class: ClassName=Self_Sensing_Board_V1 Member=Component C15 CL03A104KA3NNNC
