Removed Pin From Net: NetName=V_Sine Pin=U1-10
Change component parameters: Designator = "U1"; Footprint = "AD9833BRMZ"; UniqueID = "\ERXLFXOJ"
Change component parameters. Clean all parameters for all variants
Change component parameters (AddParameter): Name = "Digikey Part Number"; Value = "?AD9833BRMZ-ND?"; VariantName = "[No Variations]"
Change component parameters (AddParameter): Name = "MF"; Value = "Analog Devices"; VariantName = "[No Variations]"
Change component parameters (AddParameter): Name = "MP"; Value = "AD9833BRMZ"; VariantName = "[No Variations]"
Change component parameters (AddParameter): Name = "Package"; Value = "MSOP-10 Analog Devices"; VariantName = "[No Variations]"
Change component parameters (AddParameter): Name = "Price"; Value = "10.14"; VariantName = "[No Variations]"
Change component parameters: Designator = "R5"; Footprint = "RC0603F202CS"; UniqueID = "\IYUQFHLL"
Change component parameters. Clean all parameters for all variants
Change component parameters (AddParameter): Name = "Digikey Part Number"; Value = "311-1KMCT-ND"; VariantName = "[No Variations]"
Change component parameters (AddParameter): Name = "Manufacturer"; Value = "Yageo"; VariantName = "[No Variations]"
Change component parameters (AddParameter): Name = "Manufacturer Part Number"; Value = "RC0201FR-071KL"; VariantName = "[No Variations]"
Change component parameters (AddParameter): Name = "Package"; Value = "0201 (0603 Metric)"; VariantName = "[No Variations]"
Change component parameters (AddParameter): Name = "Power (Watts)"; Value = "0.05W"; VariantName = "[No Variations]"
Change component parameters (AddParameter): Name = "Supplier"; Value = "Digikey"; VariantName = "[No Variations]"
Change component parameters (AddParameter): Name = "Unit Price"; Value = "0.1"; VariantName = "[No Variations]"
Change component parameters (AddParameter): Name = "Value"; Value = "1k"; VariantName = "[No Variations]"
Change component parameters: Designator = "R7"; Footprint = "RC0603F202CS"; UniqueID = "\TVKIQSKE"
Change component parameters. Clean all parameters for all variants
Change component parameters (AddParameter): Name = "Digikey Part Number"; Value = "311-1KMCT-ND"; VariantName = "[No Variations]"
Change component parameters (AddParameter): Name = "Manufacturer"; Value = "Yageo"; VariantName = "[No Variations]"
Change component parameters (AddParameter): Name = "Manufacturer Part Number"; Value = "RC0201FR-071KL"; VariantName = "[No Variations]"
Change component parameters (AddParameter): Name = "Package"; Value = "0201 (0603 Metric)"; VariantName = "[No Variations]"
Change component parameters (AddParameter): Name = "Power (Watts)"; Value = "0.05W"; VariantName = "[No Variations]"
Change component parameters (AddParameter): Name = "Supplier"; Value = "Digikey"; VariantName = "[No Variations]"
Change component parameters (AddParameter): Name = "Unit Price"; Value = "0.1"; VariantName = "[No Variations]"
Change component parameters (AddParameter): Name = "Value"; Value = "1k"; VariantName = "[No Variations]"
Added Component: Designator=C17(CL03A104KA3NNNC)
Add component. Clean all parameters for all variants
Add component (AddParameter): Name = "Digikey Part Number"; Value = "1276-1318-6-ND"; VariantName = "[No Variations]"
Add component (AddParameter): Name = "Manufacturer"; Value = "Samsung"; VariantName = "[No Variations]"
Add component (AddParameter): Name = "Manufacturer Part Number"; Value = "CL03A104KA3NNNC"; VariantName = "[No Variations]"
Add component (AddParameter): Name = "Package"; Value = "0201 (0603 Metric)"; VariantName = "[No Variations]"
Add component (AddParameter): Name = "Supplier"; Value = "Digikey"; VariantName = "[No Variations]"
Add component (AddParameter): Name = "Temperature Coefficient"; Value = "X5R"; VariantName = "[No Variations]"
Add component (AddParameter): Name = "Unit Price"; Value = "$0.75"; VariantName = "[No Variations]"
Add component (AddParameter): Name = "Value"; Value = "10nF"; VariantName = "[No Variations]"
Add component (AddParameter): Name = "Voltage Rated"; Value = "25V"; VariantName = "[No Variations]"
Added Component: Designator=R16(CRCW04021M00DHEDP)
Add component. Clean all parameters for all variants
Add component (AddParameter): Name = "Digikey Part Number"; Value = "541-1.0MAVCT-ND"; VariantName = "[No Variations]"
Add component (AddParameter): Name = "Manufacturer"; Value = "Vishay Dale"; VariantName = "[No Variations]"
Add component (AddParameter): Name = "Manufacturer Part Number"; Value = "CRCW04021M00DHEDP"; VariantName = "[No Variations]"
Add component (AddParameter): Name = "Package"; Value = "0402"; VariantName = "[No Variations]"
Add component (AddParameter): Name = "Power (Watts)"; Value = "0.063W"; VariantName = "[No Variations]"
Add component (AddParameter): Name = "Supplier"; Value = "Digikey"; VariantName = "[No Variations]"
Add component (AddParameter): Name = "Unit Price"; Value = "0.3"; VariantName = "[No Variations]"
Add component (AddParameter): Name = "Value"; Value = "1M"; VariantName = "[No Variations]"
Added Pin To Net: NetName=V_Sine Pin=C17-2
Added Pin To Net: NetName=V_Sine Pin=R16-1
Added Pin To Net: NetName=GND Pin=R16-2
Added Pin To Net: NetName=NetC17_1 Pin=C17-1
Added Pin To Net: NetName=NetC17_1 Pin=U1-10
Added Net: Name=NetC17_1
Added Member To Class: ClassName=Self_Sensing_Board_V1 Member=Component C17 CL03A104KA3NNNC
Added Member To Class: ClassName=Self_Sensing_Board_V1 Member=Component R16 CRCW04021M00DHEDP
Added Room: Name=Self_Sensing_Board_V1
