Added Component: Designator=C1(CL03A104KA3NNNC)
Add component. Clean all parameters for all variants
Add component (AddParameter): Name = "Digikey Part Number"; Value = "1276-1318-6-ND"; VariantName = "[No Variations]"
Add component (AddParameter): Name = "Manufacturer"; Value = "Samsung"; VariantName = "[No Variations]"
Add component (AddParameter): Name = "Manufacturer Part Number"; Value = "CL03A104KA3NNNC"; VariantName = "[No Variations]"
Add component (AddParameter): Name = "Package"; Value = "0201 (0603 Metric)"; VariantName = "[No Variations]"
Add component (AddParameter): Name = "Supplier"; Value = "Digikey"; VariantName = "[No Variations]"
Add component (AddParameter): Name = "Temperature Coefficient"; Value = "X5R"; VariantName = "[No Variations]"
Add component (AddParameter): Name = "Unit Price"; Value = "$0.75"; VariantName = "[No Variations]"
Add component (AddParameter): Name = "Value"; Value = "0.1uF"; VariantName = "[No Variations]"
Add component (AddParameter): Name = "Voltage Rated"; Value = "25V"; VariantName = "[No Variations]"
Added Component: Designator=C2(CL03B103KP3NNNC)
Add component. Clean all parameters for all variants
Add component (AddParameter): Name = "Digikey Part Number"; Value = "1276-1152-1-ND"; VariantName = "[No Variations]"
Add component (AddParameter): Name = "Manufacturer"; Value = "Samsung"; VariantName = "[No Variations]"
Add component (AddParameter): Name = "Manufacturer Part Number"; Value = "CL03B103KP3NNNC"; VariantName = "[No Variations]"
Add component (AddParameter): Name = "Package"; Value = "0201 (0603 Metric)"; VariantName = "[No Variations]"
Add component (AddParameter): Name = "Supplier"; Value = "Digikey"; VariantName = "[No Variations]"
Add component (AddParameter): Name = "Temperature Coefficient"; Value = "X7R"; VariantName = "[No Variations]"
Add component (AddParameter): Name = "Unit Price"; Value = "0.13"; VariantName = "[No Variations]"
Add component (AddParameter): Name = "Value"; Value = "0.01uF"; VariantName = "[No Variations]"
Add component (AddParameter): Name = "Voltage Rated"; Value = "10V"; VariantName = "[No Variations]"
Added Component: Designator=C3(GRM155R60J106ME47D)
Add component. Clean all parameters for all variants
Add component (AddParameter): Name = "Digikey Part Number"; Value = "490-13239-1-ND"; VariantName = "[No Variations]"
Add component (AddParameter): Name = "Manufacturer"; Value = "Murata"; VariantName = "[No Variations]"
Add component (AddParameter): Name = "Manufacturer Part Number"; Value = "GRM155R60J106ME47D"; VariantName = "[No Variations]"
Add component (AddParameter): Name = "Package"; Value = "0402 (1005 Metric)"; VariantName = "[No Variations]"
Add component (AddParameter): Name = "Supplier"; Value = "Digikey"; VariantName = "[No Variations]"
Add component (AddParameter): Name = "Temperature Coefficient"; Value = "X5R"; VariantName = "[No Variations]"
Add component (AddParameter): Name = "Unit Price"; Value = "$0.85"; VariantName = "[No Variations]"
Add component (AddParameter): Name = "Value"; Value = "10uF"; VariantName = "[No Variations]"
Add component (AddParameter): Name = "Voltage Rated"; Value = "6.3V"; VariantName = "[No Variations]"
Added Component: Designator=C4(CL03A104KA3NNNC)
Add component. Clean all parameters for all variants
Add component (AddParameter): Name = "Digikey Part Number"; Value = "1276-1318-6-ND"; VariantName = "[No Variations]"
Add component (AddParameter): Name = "Manufacturer"; Value = "Samsung"; VariantName = "[No Variations]"
Add component (AddParameter): Name = "Manufacturer Part Number"; Value = "CL03A104KA3NNNC"; VariantName = "[No Variations]"
Add component (AddParameter): Name = "Package"; Value = "0201 (0603 Metric)"; VariantName = "[No Variations]"
Add component (AddParameter): Name = "Supplier"; Value = "Digikey"; VariantName = "[No Variations]"
Add component (AddParameter): Name = "Temperature Coefficient"; Value = "X5R"; VariantName = "[No Variations]"
Add component (AddParameter): Name = "Unit Price"; Value = "$0.75"; VariantName = "[No Variations]"
Add component (AddParameter): Name = "Value"; Value = "0.1uF"; VariantName = "[No Variations]"
Add component (AddParameter): Name = "Voltage Rated"; Value = "25V"; VariantName = "[No Variations]"
Added Component: Designator=C5(GRM155R60J106ME47D)
Add component. Clean all parameters for all variants
Add component (AddParameter): Name = "Digikey Part Number"; Value = "490-6231-1-ND"; VariantName = "[No Variations]"
Add component (AddParameter): Name = "Manufacturer"; Value = "Murata"; VariantName = "[No Variations]"
Add component (AddParameter): Name = "Manufacturer Part Number"; Value = "GRM1555C1H330FA01D"; VariantName = "[No Variations]"
Add component (AddParameter): Name = "Package"; Value = "0402 (1005 Metric)"; VariantName = "[No Variations]"
Add component (AddParameter): Name = "Supplier"; Value = "Digikey"; VariantName = "[No Variations]"
Add component (AddParameter): Name = "Temperature Coefficient"; Value = "COG"; VariantName = "[No Variations]"
Add component (AddParameter): Name = "Unit Price"; Value = "$0.85"; VariantName = "[No Variations]"
Add component (AddParameter): Name = "Value"; Value = "33pF"; VariantName = "[No Variations]"
Add component (AddParameter): Name = "Voltage Rated"; Value = "50V"; VariantName = "[No Variations]"
Added Component: Designator=C6(CL03A104KA3NNNC)
Add component. Clean all parameters for all variants
Add component (AddParameter): Name = "Digikey Part Number"; Value = "1276-1318-6-ND"; VariantName = "[No Variations]"
Add component (AddParameter): Name = "Manufacturer"; Value = "Samsung"; VariantName = "[No Variations]"
Add component (AddParameter): Name = "Manufacturer Part Number"; Value = "CL03A104KA3NNNC"; VariantName = "[No Variations]"
Add component (AddParameter): Name = "Package"; Value = "0201 (0603 Metric)"; VariantName = "[No Variations]"
Add component (AddParameter): Name = "Supplier"; Value = "Digikey"; VariantName = "[No Variations]"
Add component (AddParameter): Name = "Temperature Coefficient"; Value = "X5R"; VariantName = "[No Variations]"
Add component (AddParameter): Name = "Unit Price"; Value = "$0.75"; VariantName = "[No Variations]"
Add component (AddParameter): Name = "Value"; Value = "0.1uF"; VariantName = "[No Variations]"
Add component (AddParameter): Name = "Voltage Rated"; Value = "25V"; VariantName = "[No Variations]"
Added Component: Designator=C7(CL03A104KA3NNNC)
Add component. Clean all parameters for all variants
Add component (AddParameter): Name = "Digikey Part Number"; Value = "1276-1318-6-ND"; VariantName = "[No Variations]"
Add component (AddParameter): Name = "Manufacturer"; Value = "Samsung"; VariantName = "[No Variations]"
Add component (AddParameter): Name = "Manufacturer Part Number"; Value = "CL03A104KA3NNNC"; VariantName = "[No Variations]"
Add component (AddParameter): Name = "Package"; Value = "0201 (0603 Metric)"; VariantName = "[No Variations]"
Add component (AddParameter): Name = "Supplier"; Value = "Digikey"; VariantName = "[No Variations]"
Add component (AddParameter): Name = "Temperature Coefficient"; Value = "X5R"; VariantName = "[No Variations]"
Add component (AddParameter): Name = "Unit Price"; Value = "$0.75"; VariantName = "[No Variations]"
Add component (AddParameter): Name = "Value"; Value = "0.1uF"; VariantName = "[No Variations]"
Add component (AddParameter): Name = "Voltage Rated"; Value = "25V"; VariantName = "[No Variations]"
Added Component: Designator=C8(CL03A104KA3NNNC)
Add component. Clean all parameters for all variants
Add component (AddParameter): Name = "Digikey Part Number"; Value = "1276-1318-6-ND"; VariantName = "[No Variations]"
Add component (AddParameter): Name = "Manufacturer"; Value = "Samsung"; VariantName = "[No Variations]"
Add component (AddParameter): Name = "Manufacturer Part Number"; Value = "CL03A104KA3NNNC"; VariantName = "[No Variations]"
Add component (AddParameter): Name = "Package"; Value = "0201 (0603 Metric)"; VariantName = "[No Variations]"
Add component (AddParameter): Name = "Supplier"; Value = "Digikey"; VariantName = "[No Variations]"
Add component (AddParameter): Name = "Temperature Coefficient"; Value = "X5R"; VariantName = "[No Variations]"
Add component (AddParameter): Name = "Unit Price"; Value = "$0.75"; VariantName = "[No Variations]"
Add component (AddParameter): Name = "Value"; Value = "0.1uF"; VariantName = "[No Variations]"
Add component (AddParameter): Name = "Voltage Rated"; Value = "25V"; VariantName = "[No Variations]"
Added Component: Designator=C9(CL03A104KA3NNNC)
Add component. Clean all parameters for all variants
Add component (AddParameter): Name = "Digikey Part Number"; Value = "1276-1318-6-ND"; VariantName = "[No Variations]"
Add component (AddParameter): Name = "Manufacturer"; Value = "Samsung"; VariantName = "[No Variations]"
Add component (AddParameter): Name = "Manufacturer Part Number"; Value = "CL03A104KA3NNNC"; VariantName = "[No Variations]"
Add component (AddParameter): Name = "Package"; Value = "0201 (0603 Metric)"; VariantName = "[No Variations]"
Add component (AddParameter): Name = "Supplier"; Value = "Digikey"; VariantName = "[No Variations]"
Add component (AddParameter): Name = "Temperature Coefficient"; Value = "X5R"; VariantName = "[No Variations]"
Add component (AddParameter): Name = "Unit Price"; Value = "$0.75"; VariantName = "[No Variations]"
Add component (AddParameter): Name = "Value"; Value = "0.1uF"; VariantName = "[No Variations]"
Add component (AddParameter): Name = "Voltage Rated"; Value = "25V"; VariantName = "[No Variations]"
Added Component: Designator=C11(CL03B103KP3NNNC)
Add component. Clean all parameters for all variants
Add component (AddParameter): Name = "Digikey Part Number"; Value = "1276-1152-1-ND"; VariantName = "[No Variations]"
Add component (AddParameter): Name = "Manufacturer"; Value = "Samsung"; VariantName = "[No Variations]"
Add component (AddParameter): Name = "Manufacturer Part Number"; Value = "CL03B103KP3NNNC"; VariantName = "[No Variations]"
Add component (AddParameter): Name = "Package"; Value = "0201 (0603 Metric)"; VariantName = "[No Variations]"
Add component (AddParameter): Name = "Supplier"; Value = "Digikey"; VariantName = "[No Variations]"
Add component (AddParameter): Name = "Temperature Coefficient"; Value = "X7R"; VariantName = "[No Variations]"
Add component (AddParameter): Name = "Unit Price"; Value = "0.13"; VariantName = "[No Variations]"
Add component (AddParameter): Name = "Value"; Value = "0.01uF"; VariantName = "[No Variations]"
Add component (AddParameter): Name = "Voltage Rated"; Value = "10V"; VariantName = "[No Variations]"
Added Component: Designator=C14(CL03B103KP3NNNC)
Add component. Clean all parameters for all variants
Add component (AddParameter): Name = "Digikey Part Number"; Value = "1276-1152-1-ND"; VariantName = "[No Variations]"
Add component (AddParameter): Name = "Manufacturer"; Value = "Samsung"; VariantName = "[No Variations]"
Add component (AddParameter): Name = "Manufacturer Part Number"; Value = "CL03B103KP3NNNC"; VariantName = "[No Variations]"
Add component (AddParameter): Name = "Package"; Value = "0201 (0603 Metric)"; VariantName = "[No Variations]"
Add component (AddParameter): Name = "Supplier"; Value = "Digikey"; VariantName = "[No Variations]"
Add component (AddParameter): Name = "Temperature Coefficient"; Value = "X7R"; VariantName = "[No Variations]"
Add component (AddParameter): Name = "Unit Price"; Value = "0.13"; VariantName = "[No Variations]"
Add component (AddParameter): Name = "Value"; Value = "0.01uF"; VariantName = "[No Variations]"
Add component (AddParameter): Name = "Voltage Rated"; Value = "10V"; VariantName = "[No Variations]"
Added Component: Designator=OC1(LFSPXO017735REEL)
Add component. Clean all parameters for all variants
Add component (AddParameter): Name = "Digikey Part Number"; Value = "1923-1091-1-ND"; VariantName = "[No Variations]"
Add component (AddParameter): Name = "Manufacturer"; Value = "IQD Frequency Products"; VariantName = "[No Variations]"
Add component (AddParameter): Name = "Manufacturer Part Number"; Value = "LFSPXO017735REEL"; VariantName = "[No Variations]"
Add component (AddParameter): Name = "Package"; Value = "4-SMD"; VariantName = "[No Variations]"
Add component (AddParameter): Name = "Supplier"; Value = "Digikey"; VariantName = "[No Variations]"
Add component (AddParameter): Name = "Unit Price"; Value = "1"; VariantName = "[No Variations]"
Add component (AddParameter): Name = "Value"; Value = "10Mhz"; VariantName = "[No Variations]"
Added Component: Designator=R1(RC0201FR-07130KL)
Add component. Clean all parameters for all variants
Add component (AddParameter): Name = "Digikey Part Number"; Value = "YAG2655CT-ND"; VariantName = "[No Variations]"
Add component (AddParameter): Name = "Manufacturer"; Value = "Yageo"; VariantName = "[No Variations]"
Add component (AddParameter): Name = "Manufacturer Part Number"; Value = "RC0201FR-073K9L"; VariantName = "[No Variations]"
Add component (AddParameter): Name = "Package"; Value = "0201 (0603 Metric)"; VariantName = "[No Variations]"
Add component (AddParameter): Name = "Power (Watts)"; Value = "0.05W"; VariantName = "[No Variations]"
Add component (AddParameter): Name = "Supplier"; Value = "Digikey"; VariantName = "[No Variations]"
Add component (AddParameter): Name = "Unit Price"; Value = "0.1"; VariantName = "[No Variations]"
Add component (AddParameter): Name = "Value"; Value = "3.9k"; VariantName = "[No Variations]"
Added Component: Designator=R2(SM-42TW503)
Add component. Clean all parameters for all variants
Add component (AddParameter): Name = "Digikey Part Number"; Value = "SM-42TW204CT-ND"; VariantName = "[No Variations]"
Add component (AddParameter): Name = "Manufacturer"; Value = "Nidec Copal Electronics"; VariantName = "[No Variations]"
Add component (AddParameter): Name = "Manufacturer Part Number"; Value = "SM-42TW204"; VariantName = "[No Variations]"
Add component (AddParameter): Name = "Unit Price"; Value = "3.67"; VariantName = "[No Variations]"
Add component (AddParameter): Name = "Vendor"; Value = "Digikey"; VariantName = "[No Variations]"
Added Component: Designator=R3(SM-42TW503)
Add component. Clean all parameters for all variants
Add component (AddParameter): Name = "Digikey Part Number"; Value = "SM-42TW204CT-ND"; VariantName = "[No Variations]"
Add component (AddParameter): Name = "Manufacturer"; Value = "Nidec Copal Electronics"; VariantName = "[No Variations]"
Add component (AddParameter): Name = "Manufacturer Part Number"; Value = "SM-42TW204"; VariantName = "[No Variations]"
Add component (AddParameter): Name = "Unit Price"; Value = "3.67"; VariantName = "[No Variations]"
Add component (AddParameter): Name = "Vendor"; Value = "Digikey"; VariantName = "[No Variations]"
Added Component: Designator=R4(RC0201FR-07130KL)
Add component. Clean all parameters for all variants
Add component (AddParameter): Name = "Digikey Part Number"; Value = "YAG2655CT-ND"; VariantName = "[No Variations]"
Add component (AddParameter): Name = "Manufacturer"; Value = "Yageo"; VariantName = "[No Variations]"
Add component (AddParameter): Name = "Manufacturer Part Number"; Value = "RC0201FR-073K9L"; VariantName = "[No Variations]"
Add component (AddParameter): Name = "Package"; Value = "0201 (0603 Metric)"; VariantName = "[No Variations]"
Add component (AddParameter): Name = "Power (Watts)"; Value = "0.05W"; VariantName = "[No Variations]"
Add component (AddParameter): Name = "Supplier"; Value = "Digikey"; VariantName = "[No Variations]"
Add component (AddParameter): Name = "Unit Price"; Value = "0.1"; VariantName = "[No Variations]"
Add component (AddParameter): Name = "Value"; Value = "3.9k"; VariantName = "[No Variations]"
Added Component: Designator=R5(RC0603F202CS)
Add component. Clean all parameters for all variants
Add component (AddParameter): Name = "Digikey Part Number"; Value = "1276-3633-1-ND"; VariantName = "[No Variations]"
Add component (AddParameter): Name = "Manufacturer"; Value = "Samsung"; VariantName = "[No Variations]"
Add component (AddParameter): Name = "Manufacturer Part Number"; Value = "RC0603F202CS"; VariantName = "[No Variations]"
Add component (AddParameter): Name = "Package"; Value = "0201 (0603 Metric)"; VariantName = "[No Variations]"
Add component (AddParameter): Name = "Power (Watts)"; Value = "0.05W"; VariantName = "[No Variations]"
Add component (AddParameter): Name = "Supplier"; Value = "Digikey"; VariantName = "[No Variations]"
Add component (AddParameter): Name = "Unit Price"; Value = "0.1"; VariantName = "[No Variations]"
Add component (AddParameter): Name = "Value"; Value = "2k"; VariantName = "[No Variations]"
Added Component: Designator=R6(RC0603F202CS)
Add component. Clean all parameters for all variants
Add component (AddParameter): Name = "Digikey Part Number"; Value = "1276-3633-1-ND"; VariantName = "[No Variations]"
Add component (AddParameter): Name = "Manufacturer"; Value = "Samsung"; VariantName = "[No Variations]"
Add component (AddParameter): Name = "Manufacturer Part Number"; Value = "RC0603F202CS"; VariantName = "[No Variations]"
Add component (AddParameter): Name = "Package"; Value = "0201 (0603 Metric)"; VariantName = "[No Variations]"
Add component (AddParameter): Name = "Power (Watts)"; Value = "0.05W"; VariantName = "[No Variations]"
Add component (AddParameter): Name = "Supplier"; Value = "Digikey"; VariantName = "[No Variations]"
Add component (AddParameter): Name = "Unit Price"; Value = "0.1"; VariantName = "[No Variations]"
Add component (AddParameter): Name = "Value"; Value = "2k"; VariantName = "[No Variations]"
Added Component: Designator=R7(RC0603F202CS)
Add component. Clean all parameters for all variants
Add component (AddParameter): Name = "Digikey Part Number"; Value = "1276-3633-1-ND"; VariantName = "[No Variations]"
Add component (AddParameter): Name = "Manufacturer"; Value = "Samsung"; VariantName = "[No Variations]"
Add component (AddParameter): Name = "Manufacturer Part Number"; Value = "RC0603F202CS"; VariantName = "[No Variations]"
Add component (AddParameter): Name = "Package"; Value = "0201 (0603 Metric)"; VariantName = "[No Variations]"
Add component (AddParameter): Name = "Power (Watts)"; Value = "0.05W"; VariantName = "[No Variations]"
Add component (AddParameter): Name = "Supplier"; Value = "Digikey"; VariantName = "[No Variations]"
Add component (AddParameter): Name = "Unit Price"; Value = "0.1"; VariantName = "[No Variations]"
Add component (AddParameter): Name = "Value"; Value = "2k"; VariantName = "[No Variations]"
Added Component: Designator=R8(RC0603F202CS)
Add component. Clean all parameters for all variants
Add component (AddParameter): Name = "Digikey Part Number"; Value = "1276-3633-1-ND"; VariantName = "[No Variations]"
Add component (AddParameter): Name = "Manufacturer"; Value = "Samsung"; VariantName = "[No Variations]"
Add component (AddParameter): Name = "Manufacturer Part Number"; Value = "RC0603F202CS"; VariantName = "[No Variations]"
Add component (AddParameter): Name = "Package"; Value = "0201 (0603 Metric)"; VariantName = "[No Variations]"
Add component (AddParameter): Name = "Power (Watts)"; Value = "0.05W"; VariantName = "[No Variations]"
Add component (AddParameter): Name = "Supplier"; Value = "Digikey"; VariantName = "[No Variations]"
Add component (AddParameter): Name = "Unit Price"; Value = "0.1"; VariantName = "[No Variations]"
Add component (AddParameter): Name = "Value"; Value = "2k"; VariantName = "[No Variations]"
Added Component: Designator=R9(RC0201FR-07130KL)
Add component. Clean all parameters for all variants
Add component (AddParameter): Name = "Digikey Part Number"; Value = "YAG2495CT-ND"; VariantName = "[No Variations]"
Add component (AddParameter): Name = "Manufacturer"; Value = "Yageo"; VariantName = "[No Variations]"
Add component (AddParameter): Name = "Manufacturer Part Number"; Value = "RC0201FR-07200RL"; VariantName = "[No Variations]"
Add component (AddParameter): Name = "Package"; Value = "0201 (0603 Metric)"; VariantName = "[No Variations]"
Add component (AddParameter): Name = "Power (Watts)"; Value = "0.05W"; VariantName = "[No Variations]"
Add component (AddParameter): Name = "Supplier"; Value = "Digikey"; VariantName = "[No Variations]"
Add component (AddParameter): Name = "Unit Price"; Value = "0.1"; VariantName = "[No Variations]"
Add component (AddParameter): Name = "Value"; Value = "200"; VariantName = "[No Variations]"
Added Component: Designator=R10(RC0201FR-07130KL)
Add component. Clean all parameters for all variants
Add component (AddParameter): Name = "Digikey Part Number"; Value = "YAG2655CT-ND"; VariantName = "[No Variations]"
Add component (AddParameter): Name = "Manufacturer"; Value = "Yageo"; VariantName = "[No Variations]"
Add component (AddParameter): Name = "Manufacturer Part Number"; Value = "RC0201FR-073K9L"; VariantName = "[No Variations]"
Add component (AddParameter): Name = "Package"; Value = "0201 (0603 Metric)"; VariantName = "[No Variations]"
Add component (AddParameter): Name = "Power (Watts)"; Value = "0.05W"; VariantName = "[No Variations]"
Add component (AddParameter): Name = "Supplier"; Value = "Digikey"; VariantName = "[No Variations]"
Add component (AddParameter): Name = "Unit Price"; Value = "0.1"; VariantName = "[No Variations]"
Add component (AddParameter): Name = "Value"; Value = "3.9k"; VariantName = "[No Variations]"
Added Component: Designator=R11(CRCW04021M00DHEDP)
Add component. Clean all parameters for all variants
Add component (AddParameter): Name = "Digikey Part Number"; Value = "541-1.0MAVCT-ND"; VariantName = "[No Variations]"
Add component (AddParameter): Name = "Manufacturer"; Value = "Vishay Dale"; VariantName = "[No Variations]"
Add component (AddParameter): Name = "Manufacturer Part Number"; Value = "CRCW04021M00DHEDP"; VariantName = "[No Variations]"
Add component (AddParameter): Name = "Package"; Value = "0402"; VariantName = "[No Variations]"
Add component (AddParameter): Name = "Power (Watts)"; Value = "0.063W"; VariantName = "[No Variations]"
Add component (AddParameter): Name = "Supplier"; Value = "Digikey"; VariantName = "[No Variations]"
Add component (AddParameter): Name = "Unit Price"; Value = "0.3"; VariantName = "[No Variations]"
Add component (AddParameter): Name = "Value"; Value = "1M"; VariantName = "[No Variations]"
Added Component: Designator=R12(SM-42TW503)
Add component. Clean all parameters for all variants
Add component (AddParameter): Name = "Digikey Part Number"; Value = "SM-42TW503CT-ND"; VariantName = "[No Variations]"
Add component (AddParameter): Name = "Manufacturer"; Value = "Nidec Copal Electronics"; VariantName = "[No Variations]"
Add component (AddParameter): Name = "Manufacturer Part Number"; Value = "SM-42TW503"; VariantName = "[No Variations]"
Add component (AddParameter): Name = "Unit Price"; Value = "3.67"; VariantName = "[No Variations]"
Add component (AddParameter): Name = "Vendor"; Value = "Digikey"; VariantName = "[No Variations]"
Added Component: Designator=R13(CRCW04021M00DHEDP)
Add component. Clean all parameters for all variants
Add component (AddParameter): Name = "Digikey Part Number"; Value = "541-1.0MAVCT-ND"; VariantName = "[No Variations]"
Add component (AddParameter): Name = "Manufacturer"; Value = "Vishay Dale"; VariantName = "[No Variations]"
Add component (AddParameter): Name = "Manufacturer Part Number"; Value = "CRCW04021M00DHEDP"; VariantName = "[No Variations]"
Add component (AddParameter): Name = "Package"; Value = "0402"; VariantName = "[No Variations]"
Add component (AddParameter): Name = "Power (Watts)"; Value = "0.063W"; VariantName = "[No Variations]"
Add component (AddParameter): Name = "Supplier"; Value = "Digikey"; VariantName = "[No Variations]"
Add component (AddParameter): Name = "Unit Price"; Value = "0.3"; VariantName = "[No Variations]"
Add component (AddParameter): Name = "Value"; Value = "1M"; VariantName = "[No Variations]"
Added Component: Designator=R14(RC0603F202CS)
Add component. Clean all parameters for all variants
Add component (AddParameter): Name = "Digikey Part Number"; Value = "311-1KMCT-ND"; VariantName = "[No Variations]"
Add component (AddParameter): Name = "Manufacturer"; Value = "Yageo"; VariantName = "[No Variations]"
Add component (AddParameter): Name = "Manufacturer Part Number"; Value = "RC0201FR-071KL"; VariantName = "[No Variations]"
Add component (AddParameter): Name = "Package"; Value = "0201 (0603 Metric)"; VariantName = "[No Variations]"
Add component (AddParameter): Name = "Power (Watts)"; Value = "0.05W"; VariantName = "[No Variations]"
Add component (AddParameter): Name = "Supplier"; Value = "Digikey"; VariantName = "[No Variations]"
Add component (AddParameter): Name = "Unit Price"; Value = "0.1"; VariantName = "[No Variations]"
Add component (AddParameter): Name = "Value"; Value = "1k"; VariantName = "[No Variations]"
Added Component: Designator=R15(RC0603F202CS)
Add component. Clean all parameters for all variants
Add component (AddParameter): Name = "Digikey Part Number"; Value = "311-1KMCT-ND"; VariantName = "[No Variations]"
Add component (AddParameter): Name = "Manufacturer"; Value = "Yageo"; VariantName = "[No Variations]"
Add component (AddParameter): Name = "Manufacturer Part Number"; Value = "RC0201FR-071KL"; VariantName = "[No Variations]"
Add component (AddParameter): Name = "Package"; Value = "0201 (0603 Metric)"; VariantName = "[No Variations]"
Add component (AddParameter): Name = "Power (Watts)"; Value = "0.05W"; VariantName = "[No Variations]"
Add component (AddParameter): Name = "Supplier"; Value = "Digikey"; VariantName = "[No Variations]"
Add component (AddParameter): Name = "Unit Price"; Value = "0.1"; VariantName = "[No Variations]"
Add component (AddParameter): Name = "Value"; Value = "1k"; VariantName = "[No Variations]"
Added Component: Designator=U1(AD9833BRMZ)
Add component. Clean all parameters for all variants
Add component (AddParameter): Name = "Digikey Part Number"; Value = "?AD9833BRMZ-ND?"; VariantName = "[No Variations]"
Add component (AddParameter): Name = "MF"; Value = "Analog Devices"; VariantName = "[No Variations]"
Add component (AddParameter): Name = "MP"; Value = "AD9833BRMZ"; VariantName = "[No Variations]"
Add component (AddParameter): Name = "Package"; Value = "MSOP-10 Analog Devices"; VariantName = "[No Variations]"
Add component (AddParameter): Name = "Price"; Value = "10.14"; VariantName = "[No Variations]"
Added Component: Designator=U2(LT1037CS8#PBF)
Add component. Clean all parameters for all variants
Add component (AddParameter): Name = "Digikey Part Number"; Value = "LT1037CS8#PBF-ND"; VariantName = "[No Variations]"
Add component (AddParameter): Name = "Manufacturer"; Value = "Linear Technology"; VariantName = "[No Variations]"
Add component (AddParameter): Name = "Manufacturer Part Number"; Value = "LT1037CS8#PBF"; VariantName = "[No Variations]"
Add component (AddParameter): Name = "Package"; Value = "8-SOIC"; VariantName = "[No Variations]"
Add component (AddParameter): Name = "Supplier"; Value = "Digikey"; VariantName = "[No Variations]"
Add component (AddParameter): Name = "Unit Price"; Value = "$4.23"; VariantName = "[No Variations]"
Add component (AddParameter): Name = "Value"; Value = "15.85k"; VariantName = "[No Variations]"
Added Component: Designator=U3(LT1037CS8#PBF)
Add component. Clean all parameters for all variants
Add component (AddParameter): Name = "Digikey Part Number"; Value = "LT1037CS8#PBF-ND"; VariantName = "[No Variations]"
Add component (AddParameter): Name = "Manufacturer"; Value = "Linear Technology"; VariantName = "[No Variations]"
Add component (AddParameter): Name = "Manufacturer Part Number"; Value = "LT1037CS8#PBF"; VariantName = "[No Variations]"
Add component (AddParameter): Name = "Package"; Value = "8-SOIC"; VariantName = "[No Variations]"
Add component (AddParameter): Name = "Supplier"; Value = "Digikey"; VariantName = "[No Variations]"
Add component (AddParameter): Name = "Unit Price"; Value = "$4.23"; VariantName = "[No Variations]"
Add component (AddParameter): Name = "Value"; Value = "15.85k"; VariantName = "[No Variations]"
Added Component: Designator=U5(INA129UA/2K5)
Add component. Clean all parameters for all variants
Add component (AddParameter): Name = "Digikey Part Number"; Value = "296-26058-1-ND"; VariantName = "[No Variations]"
Add component (AddParameter): Name = "Manufacturer"; Value = "Texas Instruments"; VariantName = "[No Variations]"
Add component (AddParameter): Name = "Manufacturer Part Number"; Value = "INA129UA/2K5"; VariantName = "[No Variations]"
Add component (AddParameter): Name = "Package"; Value = "8-SOIC"; VariantName = "[No Variations]"
Add component (AddParameter): Name = "Supplier"; Value = "Digikey"; VariantName = "[No Variations]"
Add component (AddParameter): Name = "Unit Price"; Value = "$7.46"; VariantName = "[No Variations]"
Added Component: Designator=U6(ISL60002-12)
Add component. Clean all parameters for all variants
Add component (AddParameter): Name = "Digikey Part Number"; Value = "ISL60002BIH311Z-TKCT-ND"; VariantName = "[No Variations]"
Add component (AddParameter): Name = "Manufacturer"; Value = "Renesas Electronics"; VariantName = "[No Variations]"
Add component (AddParameter): Name = "Manufacturer Part Number"; Value = "ISL60002BIH311Z-TK"; VariantName = "[No Variations]"
Add component (AddParameter): Name = "Package"; Value = "SOT-23-3"; VariantName = "[No Variations]"
Add component (AddParameter): Name = "Supplier"; Value = "Digikey"; VariantName = "[No Variations]"
Add component (AddParameter): Name = "Unit Price"; Value = "$6.41"; VariantName = "[No Variations]"
Added Pin To Net: NetName=-12V Pin=C8-1
Added Pin To Net: NetName=-12V Pin=C9-1
Added Pin To Net: NetName=-12V Pin=U2-4
Added Pin To Net: NetName=-12V Pin=U3-4
Added Pin To Net: NetName=-12V Pin=U5-4
Added Net: Name=-12V
Added Pin To Net: NetName=5V Pin=C1-1
Added Pin To Net: NetName=5V Pin=C2-2
Added Pin To Net: NetName=5V Pin=C3-1
Added Pin To Net: NetName=5V Pin=OC1-4
Added Pin To Net: NetName=5V Pin=U1-2
Added Net: Name=5V
Added Pin To Net: NetName=12V Pin=C6-2
Added Pin To Net: NetName=12V Pin=C7-2
Added Pin To Net: NetName=12V Pin=U2-8
Added Pin To Net: NetName=12V Pin=U3-8
Added Pin To Net: NetName=12V Pin=U5-7
Added Net: Name=12V
Added Pin To Net: NetName=GND Pin=C1-2
Added Pin To Net: NetName=GND Pin=C3-2
Added Pin To Net: NetName=GND Pin=C4-2
Added Pin To Net: NetName=GND Pin=C5-1
Added Pin To Net: NetName=GND Pin=C6-1
Added Pin To Net: NetName=GND Pin=C7-1
Added Pin To Net: NetName=GND Pin=C8-2
Added Pin To Net: NetName=GND Pin=C9-2
Added Pin To Net: NetName=GND Pin=C14-2
Added Pin To Net: NetName=GND Pin=OC1-2
Added Pin To Net: NetName=GND Pin=R4-2
Added Pin To Net: NetName=GND Pin=R9-2
Added Pin To Net: NetName=GND Pin=R10-1
Added Pin To Net: NetName=GND Pin=R11-1
Added Pin To Net: NetName=GND Pin=R13-1
Added Pin To Net: NetName=GND Pin=R15-2
Added Pin To Net: NetName=GND Pin=U1-4
Added Pin To Net: NetName=GND Pin=U1-9
Added Pin To Net: NetName=GND Pin=U2-3
Added Pin To Net: NetName=GND Pin=U5-5
Added Pin To Net: NetName=GND Pin=U6-3
Added Net: Name=GND
Added Pin To Net: NetName=NetC2_1 Pin=C2-1
Added Pin To Net: NetName=NetC2_1 Pin=U1-1
Added Net: Name=NetC2_1
Added Pin To Net: NetName=NetC4_1 Pin=C4-1
Added Pin To Net: NetName=NetC4_1 Pin=U1-3
Added Net: Name=NetC4_1
Added Pin To Net: NetName=NetC11_2 Pin=C11-2
Added Pin To Net: NetName=NetC11_2 Pin=R5-2
Added Pin To Net: NetName=NetC11_2 Pin=R7-1
Added Net: Name=NetC11_2
Added Pin To Net: NetName=NetC14_1 Pin=C14-1
Added Pin To Net: NetName=NetC14_1 Pin=R7-2
Added Net: Name=NetC14_1
Added Pin To Net: NetName=NetC16_1 Pin=R14-2
Added Pin To Net: NetName=NetC16_1 Pin=R15-1
Added Net: Name=NetC16_1
Added Pin To Net: NetName=NetOC1_3 Pin=OC1-3
Added Pin To Net: NetName=NetOC1_3 Pin=U1-5
Added Net: Name=NetOC1_3
Added Pin To Net: NetName=NetR1_2 Pin=R1-2
Added Pin To Net: NetName=NetR1_2 Pin=R3-2
Added Pin To Net: NetName=NetR1_2 Pin=U2-2
Added Net: Name=NetR1_2
Added Pin To Net: NetName=NetR2_1 Pin=R2-1
Added Pin To Net: NetName=NetR2_1 Pin=R4-1
Added Pin To Net: NetName=NetR2_1 Pin=U3-2
Added Net: Name=NetR2_1
Added Pin To Net: NetName=NetR6_2 Pin=R6-2
Added Net: Name=NetR6_2
Added Pin To Net: NetName=NetR8_1 Pin=R8-1
Added Pin To Net: NetName=NetR8_1 Pin=R10-2
Added Net: Name=NetR8_1
Added Pin To Net: NetName=NetR8_2 Pin=R8-2
Added Net: Name=NetR8_2
Added Pin To Net: NetName=NetR14_1 Pin=R14-1
Added Pin To Net: NetName=NetR14_1 Pin=U6-2
Added Net: Name=NetR14_1
Added Pin To Net: NetName=NetU1_6 Pin=U1-6
Added Net: Name=NetU1_6
Added Pin To Net: NetName=NetU1_7 Pin=U1-7
Added Net: Name=NetU1_7
Added Pin To Net: NetName=NetU1_8 Pin=U1-8
Added Net: Name=NetU1_8
Added Net: Name=NetU4_5
Added Pin To Net: NetName=V_Att Pin=R1-1
Added Pin To Net: NetName=V_Att Pin=R5-1
Added Pin To Net: NetName=V_Att Pin=U2-6
Added Net: Name=V_Att
Added Pin To Net: NetName=V_Filter Pin=C11-1
Added Pin To Net: NetName=V_Filter Pin=R6-1
Added Pin To Net: NetName=V_Filter Pin=R9-1
Added Net: Name=V_Filter
Added Pin To Net: NetName=V_Gain Pin=R2-2
Added Pin To Net: NetName=V_Gain Pin=R11-2
Added Pin To Net: NetName=V_Gain Pin=R12-2
Added Pin To Net: NetName=V_Gain Pin=U3-6
Added Pin To Net: NetName=V_Gain Pin=U5-3
Added Net: Name=V_Gain
Added Pin To Net: NetName=V_Junct Pin=C5-2
Added Pin To Net: NetName=V_Junct Pin=R12-1
Added Pin To Net: NetName=V_Junct Pin=R13-2
Added Pin To Net: NetName=V_Junct Pin=U5-2
Added Net: Name=V_Junct
Added Pin To Net: NetName=V_sense Pin=R3-1
Added Pin To Net: NetName=V_sense Pin=U5-6
Added Net: Name=V_sense
Added Pin To Net: NetName=V_Sine Pin=U1-10
Added Pin To Net: NetName=V_Sine Pin=U3-3
Added Net: Name=V_Sine
Added Pin To Net: NetName=VDD Pin=U6-1
Added Net: Name=VDD
Added Class: Name=Self_Sensing_Board_V1
Added Room: Name=Self_Sensing_Board_V1
