Removed Pin From Net: NetName=VSSA Pin=C26-2
Removed Pin From Net: NetName=5V Pin=C27-1
Removed Pin From Net: NetName=VSSA Pin=C27-2
Removed Pin From Net: NetName=VSSA Pin=C29-2
Removed Pin From Net: NetName=VSSA Pin=C30-2
Removed Pin From Net: NetName=5V Pin=D5-1
Removed Pin From Net: NetName=VSSA Pin=P1-4
Removed Pin From Net: NetName=VSSA Pin=P1-5
Removed Pin From Net: NetName=VSSA Pin=P1-11
Removed Pin From Net: NetName=5V Pin=R21-1
Removed Pin From Net: NetName=VSSA Pin=R25-2
Change Component Footprint: Designator=P1 Old Footprint=ADP1614ACPZ-1.3-R7 New Footprint=REG113NA-5/3K
Change Component Comment : Designator=P1 Old Comment=ADP1614ACPZ-1.3-R7 New Comment=REG113NA
Change Component Comment : Designator=D4 Old Comment=APG0603CGC-TT New Comment=SML-LXFM0603SUGCTR
Added Component: Designator=C3(CL03A104KA3NNNC)
Add component. Clean all parameters for all variants
Add component (AddParameter): Name = "Digikey Part Number"; Value = "1276-1318-6-ND"; VariantName = "[No Variations]"
Add component (AddParameter): Name = "Manufacturer"; Value = "Samsung"; VariantName = "[No Variations]"
Add component (AddParameter): Name = "Manufacturer Part Number"; Value = "CL03A104KA3NNNC"; VariantName = "[No Variations]"
Add component (AddParameter): Name = "Package"; Value = "0201 (0603 Metric)"; VariantName = "[No Variations]"
Add component (AddParameter): Name = "Supplier"; Value = "Digikey"; VariantName = "[No Variations]"
Add component (AddParameter): Name = "Temperature Coefficient"; Value = "X5R"; VariantName = "[No Variations]"
Add component (AddParameter): Name = "Unit Price"; Value = "$0.75"; VariantName = "[No Variations]"
Add component (AddParameter): Name = "Value"; Value = "0.1uF"; VariantName = "[No Variations]"
Add component (AddParameter): Name = "Voltage Rated"; Value = "25V"; VariantName = "[No Variations]"
Added Component: Designator=C4(CL03A104KA3NNNC)
Add component. Clean all parameters for all variants
Add component (AddParameter): Name = "Digikey Part Number"; Value = "1276-1318-6-ND"; VariantName = "[No Variations]"
Add component (AddParameter): Name = "Manufacturer"; Value = "Samsung"; VariantName = "[No Variations]"
Add component (AddParameter): Name = "Manufacturer Part Number"; Value = "CL03A104KA3NNNC"; VariantName = "[No Variations]"
Add component (AddParameter): Name = "Package"; Value = "0201 (0603 Metric)"; VariantName = "[No Variations]"
Add component (AddParameter): Name = "Supplier"; Value = "Digikey"; VariantName = "[No Variations]"
Add component (AddParameter): Name = "Temperature Coefficient"; Value = "X5R"; VariantName = "[No Variations]"
Add component (AddParameter): Name = "Unit Price"; Value = "$0.75"; VariantName = "[No Variations]"
Add component (AddParameter): Name = "Value"; Value = "0.1uF"; VariantName = "[No Variations]"
Add component (AddParameter): Name = "Voltage Rated"; Value = "25V"; VariantName = "[No Variations]"
Added Pin To Net: NetName=VSSA Pin=C3-2
Added Pin To Net: NetName=VSSA Pin=C4-1
Added Pin To Net: NetName=5V Pin=C4-2
Added Pin To Net: NetName=5V Pin=J3-2
Added Pin To Net: NetName=5V Pin=P1-1
Added Pin To Net: NetName=VSSA Pin=P1-2
Added Pin To Net: NetName=5V Pin=P1-3
Change Net Name : Old Net Name=5V New Net Name=NetC1_1
Added Pin To Net: NetName=5V Pin=P1-5
Added Net: Name=5V
Added Pin To Net: NetName=NetC3_1 Pin=C3-1
Added Pin To Net: NetName=NetC3_1 Pin=P1-4
Added Net: Name=NetC3_1
Added Member To Class: ClassName=Voltage Regulators Member=Component C3 CL03A104KA3NNNC
Added Member To Class: ClassName=Voltage Regulators Member=Component C4 CL03A104KA3NNNC
Added Room: Name=EMCO DC-DC
Added Room: Name=MCU
Added Room: Name=Voltage Regulators
