Removed Pin From Net: NetName=VDD Pin=U9-3
Removed Pin From Net: NetName=VDD Pin=U9-4
Removed Pin From Net: NetName=VSSA Pin=U9-5
Removed Pin From Net: NetName=VSSA Pin=U9-6
Removed Pin From Net: NetName=NetS1_4 Pin=U9-18
Removed Member From Class: ClassName=MCU Member=U9
Added Component: Designator=U2(MKL04Z32VLC4-ND)
Add component. Clean all parameters for all variants
Add component (AddParameter): Name = "Digikey Part Number"; Value = "MKL04Z32VLC4-ND"; VariantName = "[No Variations]"
Add component (AddParameter): Name = "Manufacturer"; Value = "NXP Semiconductors"; VariantName = "[No Variations]"
Add component (AddParameter): Name = "Manufacturer Part Number"; Value = "MKL04Z32VLC4"; VariantName = "[No Variations]"
Add component (AddParameter): Name = "Package / Case"; Value = "32-LQFP"; VariantName = "[No Variations]"
Add component (AddParameter): Name = "Unit Price"; Value = "$2.51"; VariantName = "[No Variations]"
Added Pin To Net: NetName=VDD Pin=U2-3
Added Pin To Net: NetName=VDD Pin=U2-4
Added Pin To Net: NetName=VSSA Pin=U2-5
Added Pin To Net: NetName=VSSA Pin=U2-6
Added Pin To Net: NetName=NetS1_4 Pin=U2-18
Added Pin To Net: NetName=NetU2_8 Pin=U2-8
Added Pin To Net: NetName=NetU2_8 Pin=U2-25
Added Pin To Net: NetName=NetU2_8 Pin=U6-L12
Added Net: Name=NetU2_8
Added Pin To Net: NetName=NetU2_10 Pin=U2-10
Added Pin To Net: NetName=NetU2_10 Pin=U6-J6
Added Net: Name=NetU2_10
Added Pin To Net: NetName=NetU2_15 Pin=U2-15
Added Pin To Net: NetName=NetU2_15 Pin=U6-K7
Added Net: Name=NetU2_15
Added Pin To Net: NetName=NetU2_16 Pin=U2-16
Added Pin To Net: NetName=NetU2_16 Pin=U6-J5
Added Net: Name=NetU2_16
Added Pin To Net: NetName=NetU2_17 Pin=U2-17
Added Pin To Net: NetName=NetU2_17 Pin=U6-K6
Added Net: Name=NetU2_17
Added Member To Class: ClassName=MCU Member=Component U2 MKL04Z32VLC4
Added Room: Name=EMCO DC-DC
Added Room: Name=MCU
Added Room: Name=Voltage Regulators
